<?xml version="1.0" encoding="UTF-8"?>
<!-- Generated by org.testng.reporters.JUnitReportReporter -->
<testsuite hostname="MSI" failures="0" tests="1" name="Test.DemoProjectFramework.EBayTest" time="15.923" errors="0" timestamp="2024-12-22T00:23:32 IST" skipped="0">
  <testcase classname="Test.DemoProjectFramework.EBayTest" name="orderAnItem" time="15.923"/>
  <system-out/>
</testsuite> <!-- Test.DemoProjectFramework.EBayTest -->
